using cuda device
current class:obj1
loss:0.512825  heatmap_loss:0.451616  contour_loss:0.061210
loss:0.293371  heatmap_loss:0.224355  contour_loss:0.069016
loss:0.293989  heatmap_loss:0.221426  contour_loss:0.072563
loss:0.131740  heatmap_loss:0.091105  contour_loss:0.040636
loss:0.316952  heatmap_loss:0.229518  contour_loss:0.087434
loss:0.262894  heatmap_loss:0.194255  contour_loss:0.068639
loss:0.159996  heatmap_loss:0.117987  contour_loss:0.042009
loss:0.142234  heatmap_loss:0.115672  contour_loss:0.026561
loss:0.183785  heatmap_loss:0.145993  contour_loss:0.037792
loss:0.204487  heatmap_loss:0.169513  contour_loss:0.034973
loss:0.206422  heatmap_loss:0.170228  contour_loss:0.036194
loss:0.182955  heatmap_loss:0.153222  contour_loss:0.029734
loss:0.141647  heatmap_loss:0.117576  contour_loss:0.024070
loss:0.192666  heatmap_loss:0.156615  contour_loss:0.036051
loss:0.154948  heatmap_loss:0.131877  contour_loss:0.023071
loss:0.228937  heatmap_loss:0.191792  contour_loss:0.037145
loss:0.141072  heatmap_loss:0.120359  contour_loss:0.020713
loss:0.231892  heatmap_loss:0.203805  contour_loss:0.028087
loss:0.157495  heatmap_loss:0.141145  contour_loss:0.016350
loss:0.110952  heatmap_loss:0.093174  contour_loss:0.017778
loss:0.121646  heatmap_loss:0.101351  contour_loss:0.020296
loss:0.175752  heatmap_loss:0.149746  contour_loss:0.026006
loss:0.104156  heatmap_loss:0.087310  contour_loss:0.016846
loss:0.103917  heatmap_loss:0.081854  contour_loss:0.022063
loss:0.142449  heatmap_loss:0.120171  contour_loss:0.022277
loss:0.138059  heatmap_loss:0.120279  contour_loss:0.017780
loss:0.122036  heatmap_loss:0.101235  contour_loss:0.020801
loss:0.106584  heatmap_loss:0.092053  contour_loss:0.014531
loss:0.149410  heatmap_loss:0.126905  contour_loss:0.022504
loss:0.134673  heatmap_loss:0.112669  contour_loss:0.022004
loss:0.249567  heatmap_loss:0.212689  contour_loss:0.036878
loss:0.228278  heatmap_loss:0.210085  contour_loss:0.018193
loss:0.267014  heatmap_loss:0.227518  contour_loss:0.039495
loss:0.091577  heatmap_loss:0.080028  contour_loss:0.011549
loss:0.169102  heatmap_loss:0.153423  contour_loss:0.015679
loss:0.161124  heatmap_loss:0.143819  contour_loss:0.017306
loss:0.125836  heatmap_loss:0.098282  contour_loss:0.027554
loss:0.155239  heatmap_loss:0.130315  contour_loss:0.024923
loss:0.164066  heatmap_loss:0.138662  contour_loss:0.025404
loss:0.215036  heatmap_loss:0.184115  contour_loss:0.030921
loss:0.231310  heatmap_loss:0.196343  contour_loss:0.034967
loss:0.109093  heatmap_loss:0.096637  contour_loss:0.012456
loss:0.165238  heatmap_loss:0.145932  contour_loss:0.019306
loss:0.130432  heatmap_loss:0.111479  contour_loss:0.018953
loss:0.103667  heatmap_loss:0.086218  contour_loss:0.017449
loss:0.166395  heatmap_loss:0.149680  contour_loss:0.016715
loss:0.096672  heatmap_loss:0.082629  contour_loss:0.014044
loss:0.161798  heatmap_loss:0.138789  contour_loss:0.023010
loss:0.152292  heatmap_loss:0.140491  contour_loss:0.011801
loss:0.169054  heatmap_loss:0.138894  contour_loss:0.030160
loss:0.196972  heatmap_loss:0.172573  contour_loss:0.024399
loss:0.187987  heatmap_loss:0.166385  contour_loss:0.021602
loss:0.333704  heatmap_loss:0.300937  contour_loss:0.032767
loss:0.193058  heatmap_loss:0.172950  contour_loss:0.020108
loss:0.249516  heatmap_loss:0.219695  contour_loss:0.029821
loss:0.211199  heatmap_loss:0.172792  contour_loss:0.038407
loss:0.191734  heatmap_loss:0.164749  contour_loss:0.026984
loss:0.212346  heatmap_loss:0.185053  contour_loss:0.027293
loss:0.251780  heatmap_loss:0.218933  contour_loss:0.032847
loss:0.181479  heatmap_loss:0.155976  contour_loss:0.025504
loss:0.133139  heatmap_loss:0.114649  contour_loss:0.018490
loss:0.254480  heatmap_loss:0.215552  contour_loss:0.038928
loss:0.095149  heatmap_loss:0.081279  contour_loss:0.013869
loss:0.188257  heatmap_loss:0.166137  contour_loss:0.022120
loss:0.115228  heatmap_loss:0.097799  contour_loss:0.017429
loss:0.122364  heatmap_loss:0.103305  contour_loss:0.019059
loss:0.216150  heatmap_loss:0.189344  contour_loss:0.026806
loss:0.218149  heatmap_loss:0.193337  contour_loss:0.024811
loss:0.116313  heatmap_loss:0.097121  contour_loss:0.019192
loss:0.097030  heatmap_loss:0.085001  contour_loss:0.012029
loss:0.132803  heatmap_loss:0.114815  contour_loss:0.017988
loss:0.218575  heatmap_loss:0.184469  contour_loss:0.034106
loss:0.190514  heatmap_loss:0.164662  contour_loss:0.025852
loss:0.132708  heatmap_loss:0.114120  contour_loss:0.018588
loss:0.213472  heatmap_loss:0.183801  contour_loss:0.029671
loss:0.265213  heatmap_loss:0.223785  contour_loss:0.041427
loss:0.115942  heatmap_loss:0.100087  contour_loss:0.015855
loss:0.208762  heatmap_loss:0.175508  contour_loss:0.033255
loss:0.232137  heatmap_loss:0.192030  contour_loss:0.040107
loss:0.128683  heatmap_loss:0.113265  contour_loss:0.015418
loss:0.184088  heatmap_loss:0.158936  contour_loss:0.025152
loss:0.104304  heatmap_loss:0.090878  contour_loss:0.013426
loss:0.212945  heatmap_loss:0.175016  contour_loss:0.037929
loss:0.201627  heatmap_loss:0.182632  contour_loss:0.018995
loss:0.094140  heatmap_loss:0.079520  contour_loss:0.014620
loss:0.167797  heatmap_loss:0.147780  contour_loss:0.020017
loss:0.143553  heatmap_loss:0.125492  contour_loss:0.018061
loss:0.130043  heatmap_loss:0.107688  contour_loss:0.022355
loss:0.176635  heatmap_loss:0.153201  contour_loss:0.023435
loss:0.102372  heatmap_loss:0.085791  contour_loss:0.016580
loss:0.099254  heatmap_loss:0.085954  contour_loss:0.013300
loss:0.210443  heatmap_loss:0.189392  contour_loss:0.021052
loss:0.164496  heatmap_loss:0.139640  contour_loss:0.024856
loss:0.144375  heatmap_loss:0.127301  contour_loss:0.017074
loss:0.214758  heatmap_loss:0.192464  contour_loss:0.022294
loss:0.132862  heatmap_loss:0.113335  contour_loss:0.019526
loss:0.273853  heatmap_loss:0.239726  contour_loss:0.034127
loss:0.178779  heatmap_loss:0.163914  contour_loss:0.014866
loss:0.192217  heatmap_loss:0.173667  contour_loss:0.018550
loss:0.131543  heatmap_loss:0.112315  contour_loss:0.019227
loss:0.287618  heatmap_loss:0.235603  contour_loss:0.052015
loss:0.128106  heatmap_loss:0.111544  contour_loss:0.016562
loss:0.132668  heatmap_loss:0.110232  contour_loss:0.022435
loss:0.136498  heatmap_loss:0.116303  contour_loss:0.020195
loss:0.238374  heatmap_loss:0.210948  contour_loss:0.027426
loss:0.229906  heatmap_loss:0.192505  contour_loss:0.037400
loss:0.143658  heatmap_loss:0.125508  contour_loss:0.018150
loss:0.104237  heatmap_loss:0.088965  contour_loss:0.015272
loss:0.210372  heatmap_loss:0.190628  contour_loss:0.019744
loss:0.242388  heatmap_loss:0.216150  contour_loss:0.026239
loss:0.126387  heatmap_loss:0.113339  contour_loss:0.013049
loss:0.221937  heatmap_loss:0.194974  contour_loss:0.026964
loss:0.160007  heatmap_loss:0.143897  contour_loss:0.016110
loss:0.143706  heatmap_loss:0.129091  contour_loss:0.014616
loss:0.110553  heatmap_loss:0.091430  contour_loss:0.019123
loss:0.124534  heatmap_loss:0.105074  contour_loss:0.019459
loss:0.106576  heatmap_loss:0.091792  contour_loss:0.014784
loss:0.154997  heatmap_loss:0.130804  contour_loss:0.024192
loss:0.233278  heatmap_loss:0.195095  contour_loss:0.038182
loss:0.200408  heatmap_loss:0.175863  contour_loss:0.024545
loss:0.187814  heatmap_loss:0.165751  contour_loss:0.022063
loss:0.170475  heatmap_loss:0.147900  contour_loss:0.022575
loss:0.185893  heatmap_loss:0.157046  contour_loss:0.028846
loss:0.101178  heatmap_loss:0.088732  contour_loss:0.012446
loss:0.103279  heatmap_loss:0.085883  contour_loss:0.017396
loss:0.141436  heatmap_loss:0.121965  contour_loss:0.019471
loss:0.156205  heatmap_loss:0.136499  contour_loss:0.019706
loss:0.160913  heatmap_loss:0.140330  contour_loss:0.020583
loss:0.140225  heatmap_loss:0.118980  contour_loss:0.021245
loss:0.201864  heatmap_loss:0.171972  contour_loss:0.029892
loss:0.122042  heatmap_loss:0.105202  contour_loss:0.016840
loss:0.159615  heatmap_loss:0.136076  contour_loss:0.023539
loss:0.115031  heatmap_loss:0.097819  contour_loss:0.017212
loss:0.247963  heatmap_loss:0.218654  contour_loss:0.029309
loss:0.197638  heatmap_loss:0.171203  contour_loss:0.026434
loss:0.212648  heatmap_loss:0.178871  contour_loss:0.033777
loss:0.159952  heatmap_loss:0.141066  contour_loss:0.018886
loss:0.165945  heatmap_loss:0.146282  contour_loss:0.019663
loss:0.145120  heatmap_loss:0.128563  contour_loss:0.016557
loss:0.130509  heatmap_loss:0.112378  contour_loss:0.018131
loss:0.213569  heatmap_loss:0.188914  contour_loss:0.024655
loss:0.159089  heatmap_loss:0.139903  contour_loss:0.019186
loss:0.132441  heatmap_loss:0.109288  contour_loss:0.023153
loss:0.279783  heatmap_loss:0.243224  contour_loss:0.036559
loss:0.132777  heatmap_loss:0.114376  contour_loss:0.018402
Time cost:1116.1419277191162
LR:0.1
Epoch: 01, Loss: 0.4717
current class:obj1
loss:0.170832  heatmap_loss:0.149144  contour_loss:0.021688
loss:0.224398  heatmap_loss:0.194672  contour_loss:0.029725
loss:0.185235  heatmap_loss:0.164012  contour_loss:0.021223
loss:0.135485  heatmap_loss:0.118553  contour_loss:0.016931
loss:0.167745  heatmap_loss:0.141848  contour_loss:0.025896
loss:0.189243  heatmap_loss:0.161397  contour_loss:0.027846
loss:0.157584  heatmap_loss:0.135994  contour_loss:0.021590
loss:0.151292  heatmap_loss:0.128697  contour_loss:0.022595
loss:0.141590  heatmap_loss:0.121343  contour_loss:0.020247
loss:0.122297  heatmap_loss:0.103984  contour_loss:0.018313
loss:0.282575  heatmap_loss:0.236926  contour_loss:0.045649
loss:0.146884  heatmap_loss:0.129383  contour_loss:0.017501
loss:0.235629  heatmap_loss:0.203382  contour_loss:0.032247
loss:0.181972  heatmap_loss:0.158970  contour_loss:0.023002
loss:0.148721  heatmap_loss:0.129433  contour_loss:0.019287
loss:0.101903  heatmap_loss:0.086774  contour_loss:0.015129
loss:0.178122  heatmap_loss:0.157288  contour_loss:0.020834
loss:0.151964  heatmap_loss:0.134873  contour_loss:0.017091
loss:78.200729  heatmap_loss:78.087257  contour_loss:0.113473
loss:1.606514  heatmap_loss:1.515342  contour_loss:0.091172
loss:0.300709  heatmap_loss:0.261811  contour_loss:0.038898
loss:1.315496  heatmap_loss:1.268891  contour_loss:0.046605
loss:0.177087  heatmap_loss:0.140750  contour_loss:0.036337
loss:0.397384  heatmap_loss:0.324206  contour_loss:0.073178
loss:0.229238  heatmap_loss:0.183972  contour_loss:0.045266
loss:0.585726  heatmap_loss:0.530051  contour_loss:0.055675
loss:0.334918  heatmap_loss:0.268631  contour_loss:0.066288
loss:0.168270  heatmap_loss:0.139589  contour_loss:0.028681
loss:0.288032  heatmap_loss:0.252986  contour_loss:0.035046
loss:0.121487  heatmap_loss:0.104103  contour_loss:0.017384
loss:0.160598  heatmap_loss:0.136565  contour_loss:0.024032
loss:0.214940  heatmap_loss:0.186422  contour_loss:0.028518
loss:0.194578  heatmap_loss:0.166524  contour_loss:0.028054
loss:0.198764  heatmap_loss:0.159677  contour_loss:0.039087
loss:0.161074  heatmap_loss:0.140017  contour_loss:0.021058
loss:0.265354  heatmap_loss:0.221216  contour_loss:0.044139
loss:0.309905  heatmap_loss:0.265737  contour_loss:0.044169
loss:0.358584  heatmap_loss:0.336378  contour_loss:0.022205
loss:0.253111  heatmap_loss:0.214670  contour_loss:0.038442
loss:0.232350  heatmap_loss:0.204828  contour_loss:0.027523
loss:0.380051  heatmap_loss:0.335408  contour_loss:0.044643
loss:0.764754  heatmap_loss:0.724403  contour_loss:0.040350
loss:0.161499  heatmap_loss:0.144590  contour_loss:0.016909
loss:0.354956  heatmap_loss:0.339317  contour_loss:0.015638
loss:0.183534  heatmap_loss:0.163455  contour_loss:0.020080
loss:1.106057  heatmap_loss:1.057403  contour_loss:0.048654
loss:0.250454  heatmap_loss:0.209214  contour_loss:0.041241
loss:0.366164  heatmap_loss:0.323972  contour_loss:0.042192
loss:0.308688  heatmap_loss:0.284533  contour_loss:0.024154
loss:0.230128  heatmap_loss:0.205337  contour_loss:0.024792
loss:0.602489  heatmap_loss:0.565632  contour_loss:0.036857
loss:0.229985  heatmap_loss:0.205608  contour_loss:0.024377
loss:0.410741  heatmap_loss:0.382539  contour_loss:0.028202
loss:1.010252  heatmap_loss:0.995306  contour_loss:0.014946
loss:0.290497  heatmap_loss:0.267156  contour_loss:0.023340
loss:0.903452  heatmap_loss:0.872284  contour_loss:0.031168
loss:1.043109  heatmap_loss:1.023961  contour_loss:0.019147
loss:0.298860  heatmap_loss:0.265127  contour_loss:0.033733
loss:27.404974  heatmap_loss:27.344053  contour_loss:0.060921
loss:0.337423  heatmap_loss:0.280494  contour_loss:0.056929
loss:0.305229  heatmap_loss:0.237126  contour_loss:0.068102
loss:0.209708  heatmap_loss:0.155207  contour_loss:0.054501
loss:0.124254  heatmap_loss:0.092877  contour_loss:0.031378
loss:0.183338  heatmap_loss:0.149547  contour_loss:0.033791
loss:0.134016  heatmap_loss:0.110408  contour_loss:0.023607
loss:0.248201  heatmap_loss:0.196198  contour_loss:0.052003
loss:0.104246  heatmap_loss:0.084279  contour_loss:0.019967
loss:0.129599  heatmap_loss:0.104926  contour_loss:0.024673
loss:2.549464  heatmap_loss:2.514687  contour_loss:0.034777
loss:0.310514  heatmap_loss:0.234481  contour_loss:0.076033
loss:0.161592  heatmap_loss:0.134000  contour_loss:0.027592
loss:0.306610  heatmap_loss:0.279360  contour_loss:0.027250
loss:0.833662  heatmap_loss:0.807663  contour_loss:0.026000
loss:0.238644  heatmap_loss:0.190007  contour_loss:0.048637
loss:0.140243  heatmap_loss:0.113999  contour_loss:0.026245
loss:0.156814  heatmap_loss:0.133376  contour_loss:0.023439
loss:0.222745  heatmap_loss:0.201242  contour_loss:0.021503
loss:0.143046  heatmap_loss:0.119577  contour_loss:0.023469
loss:0.315100  heatmap_loss:0.285407  contour_loss:0.029693
loss:0.292287  heatmap_loss:0.245002  contour_loss:0.047285
loss:0.154245  heatmap_loss:0.133659  contour_loss:0.020586
loss:9.703920  heatmap_loss:9.634719  contour_loss:0.069201
loss:2.837592  heatmap_loss:2.790866  contour_loss:0.046726
loss:0.197592  heatmap_loss:0.159931  contour_loss:0.037661
loss:0.265101  heatmap_loss:0.197225  contour_loss:0.067876
loss:0.218301  heatmap_loss:0.157321  contour_loss:0.060980
loss:0.261163  heatmap_loss:0.206113  contour_loss:0.055050
loss:0.155420  heatmap_loss:0.123193  contour_loss:0.032227
loss:0.220394  heatmap_loss:0.176136  contour_loss:0.044258
loss:0.205696  heatmap_loss:0.151198  contour_loss:0.054499
loss:0.254169  heatmap_loss:0.215056  contour_loss:0.039113
loss:0.218905  heatmap_loss:0.187360  contour_loss:0.031545
loss:0.265185  heatmap_loss:0.233371  contour_loss:0.031814
loss:0.226476  heatmap_loss:0.190926  contour_loss:0.035549
loss:0.219599  heatmap_loss:0.163289  contour_loss:0.056310
loss:0.161963  heatmap_loss:0.136606  contour_loss:0.025358
loss:0.095357  heatmap_loss:0.080507  contour_loss:0.014849
loss:0.194555  heatmap_loss:0.164383  contour_loss:0.030172
loss:0.175507  heatmap_loss:0.154266  contour_loss:0.021241
loss:0.206511  heatmap_loss:0.175863  contour_loss:0.030648
loss:0.148593  heatmap_loss:0.120811  contour_loss:0.027783
loss:0.241011  heatmap_loss:0.199169  contour_loss:0.041842
loss:0.170533  heatmap_loss:0.144809  contour_loss:0.025724
loss:0.162668  heatmap_loss:0.146163  contour_loss:0.016504
loss:0.194059  heatmap_loss:0.171483  contour_loss:0.022576
loss:0.230159  heatmap_loss:0.204345  contour_loss:0.025814
loss:0.322969  heatmap_loss:0.292770  contour_loss:0.030199
loss:0.141962  heatmap_loss:0.117565  contour_loss:0.024397
loss:1.472908  heatmap_loss:1.443014  contour_loss:0.029894
loss:0.271783  heatmap_loss:0.240768  contour_loss:0.031015
loss:0.113257  heatmap_loss:0.096455  contour_loss:0.016802
loss:0.271508  heatmap_loss:0.242517  contour_loss:0.028991
loss:0.221609  heatmap_loss:0.179911  contour_loss:0.041699
loss:0.247218  heatmap_loss:0.213346  contour_loss:0.033873
loss:0.923320  heatmap_loss:0.875701  contour_loss:0.047619
loss:0.232741  heatmap_loss:0.203216  contour_loss:0.029524
loss:0.179971  heatmap_loss:0.163029  contour_loss:0.016942
loss:0.603012  heatmap_loss:0.567036  contour_loss:0.035976
loss:0.699072  heatmap_loss:0.675921  contour_loss:0.023152
loss:0.950483  heatmap_loss:0.926240  contour_loss:0.024243
loss:1.183307  heatmap_loss:1.145945  contour_loss:0.037362
loss:0.413031  heatmap_loss:0.393772  contour_loss:0.019260
loss:0.447871  heatmap_loss:0.428709  contour_loss:0.019162
loss:0.253666  heatmap_loss:0.236016  contour_loss:0.017650
loss:0.308715  heatmap_loss:0.282463  contour_loss:0.026252
loss:0.491397  heatmap_loss:0.451038  contour_loss:0.040359
loss:0.181789  heatmap_loss:0.158776  contour_loss:0.023013
loss:0.144946  heatmap_loss:0.126610  contour_loss:0.018336
loss:0.435192  heatmap_loss:0.408210  contour_loss:0.026982
loss:0.315842  heatmap_loss:0.287089  contour_loss:0.028753
loss:0.690564  heatmap_loss:0.632438  contour_loss:0.058126
loss:0.271458  heatmap_loss:0.242279  contour_loss:0.029179
loss:8.637568  heatmap_loss:8.575387  contour_loss:0.062180
loss:0.574164  heatmap_loss:0.519267  contour_loss:0.054897
loss:0.202105  heatmap_loss:0.142973  contour_loss:0.059132
loss:0.272453  heatmap_loss:0.218708  contour_loss:0.053746
loss:0.134341  heatmap_loss:0.112002  contour_loss:0.022339
loss:0.215483  heatmap_loss:0.180861  contour_loss:0.034622
loss:0.274554  heatmap_loss:0.217646  contour_loss:0.056908
loss:0.120319  heatmap_loss:0.097041  contour_loss:0.023278
loss:0.179679  heatmap_loss:0.149319  contour_loss:0.030359
loss:0.192676  heatmap_loss:0.162621  contour_loss:0.030055
loss:0.233148  heatmap_loss:0.205426  contour_loss:0.027722
loss:0.186389  heatmap_loss:0.151154  contour_loss:0.035236
loss:0.187804  heatmap_loss:0.150954  contour_loss:0.036850
Time cost:1109.978624343872
LR:0.1
Epoch: 02, Loss: 8.5112
current class:obj1
loss:0.190430  heatmap_loss:0.162090  contour_loss:0.028340
loss:0.198974  heatmap_loss:0.159460  contour_loss:0.039514
loss:0.120130  heatmap_loss:0.103555  contour_loss:0.016575
loss:0.260257  heatmap_loss:0.213158  contour_loss:0.047099
loss:0.183785  heatmap_loss:0.169469  contour_loss:0.014316
loss:0.347866  heatmap_loss:0.321523  contour_loss:0.026343
loss:0.136710  heatmap_loss:0.115042  contour_loss:0.021667
loss:0.146159  heatmap_loss:0.128466  contour_loss:0.017693
loss:0.188972  heatmap_loss:0.162434  contour_loss:0.026537
loss:0.251789  heatmap_loss:0.220368  contour_loss:0.031421
loss:0.220683  heatmap_loss:0.200187  contour_loss:0.020496
loss:2.034313  heatmap_loss:1.996720  contour_loss:0.037593
loss:0.251311  heatmap_loss:0.223704  contour_loss:0.027607
loss:0.210572  heatmap_loss:0.185319  contour_loss:0.025253
loss:0.320821  heatmap_loss:0.296777  contour_loss:0.024045
loss:0.303157  heatmap_loss:0.255242  contour_loss:0.047916
loss:0.313923  heatmap_loss:0.292739  contour_loss:0.021185
loss:0.557545  heatmap_loss:0.520103  contour_loss:0.037443
loss:1.228004  heatmap_loss:1.191567  contour_loss:0.036438
loss:0.254240  heatmap_loss:0.201680  contour_loss:0.052560
loss:0.284500  heatmap_loss:0.223650  contour_loss:0.060850
loss:0.138950  heatmap_loss:0.121440  contour_loss:0.017511
loss:0.203707  heatmap_loss:0.181422  contour_loss:0.022284
loss:0.493029  heatmap_loss:0.465824  contour_loss:0.027205
loss:1.805224  heatmap_loss:1.755966  contour_loss:0.049258
loss:0.145678  heatmap_loss:0.127070  contour_loss:0.018607
loss:0.217271  heatmap_loss:0.187029  contour_loss:0.030242
loss:0.192785  heatmap_loss:0.163027  contour_loss:0.029758
loss:0.234425  heatmap_loss:0.193331  contour_loss:0.041094
loss:0.216601  heatmap_loss:0.179594  contour_loss:0.037008
loss:0.268853  heatmap_loss:0.237662  contour_loss:0.031191
loss:0.154574  heatmap_loss:0.132981  contour_loss:0.021593
loss:0.124177  heatmap_loss:0.106663  contour_loss:0.017515
loss:0.143735  heatmap_loss:0.122010  contour_loss:0.021724
loss:0.341019  heatmap_loss:0.311158  contour_loss:0.029860
loss:0.265566  heatmap_loss:0.239426  contour_loss:0.026140
loss:0.278950  heatmap_loss:0.260059  contour_loss:0.018891
loss:0.198515  heatmap_loss:0.168424  contour_loss:0.030090
loss:0.194568  heatmap_loss:0.161204  contour_loss:0.033363
loss:0.294588  heatmap_loss:0.259472  contour_loss:0.035116
loss:0.177666  heatmap_loss:0.151814  contour_loss:0.025852
loss:0.161183  heatmap_loss:0.141466  contour_loss:0.019718
loss:0.371380  heatmap_loss:0.315323  contour_loss:0.056057
loss:0.145832  heatmap_loss:0.125409  contour_loss:0.020423
loss:0.119201  heatmap_loss:0.097868  contour_loss:0.021333
loss:0.167476  heatmap_loss:0.147079  contour_loss:0.020397
loss:0.121178  heatmap_loss:0.104638  contour_loss:0.016541
loss:0.151959  heatmap_loss:0.131194  contour_loss:0.020765
loss:0.124643  heatmap_loss:0.101987  contour_loss:0.022655
loss:0.192622  heatmap_loss:0.174518  contour_loss:0.018103
loss:0.150469  heatmap_loss:0.123062  contour_loss:0.027407
loss:0.249683  heatmap_loss:0.220848  contour_loss:0.028836
loss:0.158003  heatmap_loss:0.135150  contour_loss:0.022853
loss:0.474453  heatmap_loss:0.421354  contour_loss:0.053099
loss:0.168748  heatmap_loss:0.151775  contour_loss:0.016973
loss:0.107606  heatmap_loss:0.091240  contour_loss:0.016365
loss:0.209231  heatmap_loss:0.186294  contour_loss:0.022937
loss:0.197302  heatmap_loss:0.168069  contour_loss:0.029233
loss:0.164651  heatmap_loss:0.142483  contour_loss:0.022168
loss:0.180179  heatmap_loss:0.159101  contour_loss:0.021078
loss:0.136309  heatmap_loss:0.120676  contour_loss:0.015633
loss:0.133077  heatmap_loss:0.117808  contour_loss:0.015270
loss:0.220314  heatmap_loss:0.199943  contour_loss:0.020371
loss:0.166289  heatmap_loss:0.145248  contour_loss:0.021041
loss:0.174705  heatmap_loss:0.160146  contour_loss:0.014559
loss:0.306709  heatmap_loss:0.268818  contour_loss:0.037890
loss:0.249600  heatmap_loss:0.209305  contour_loss:0.040295
loss:0.225338  heatmap_loss:0.203146  contour_loss:0.022192
loss:0.122834  heatmap_loss:0.102268  contour_loss:0.020566
loss:0.259068  heatmap_loss:0.215988  contour_loss:0.043080
loss:0.110255  heatmap_loss:0.093978  contour_loss:0.016277
loss:0.165352  heatmap_loss:0.145862  contour_loss:0.019490
loss:0.198470  heatmap_loss:0.179203  contour_loss:0.019267
loss:0.194212  heatmap_loss:0.170560  contour_loss:0.023651
loss:0.226464  heatmap_loss:0.184085  contour_loss:0.042380
loss:0.231953  heatmap_loss:0.189974  contour_loss:0.041979
loss:0.105152  heatmap_loss:0.087788  contour_loss:0.017364
loss:0.136838  heatmap_loss:0.119980  contour_loss:0.016858
loss:0.201280  heatmap_loss:0.174673  contour_loss:0.026607
loss:0.227427  heatmap_loss:0.195993  contour_loss:0.031434
loss:0.168525  heatmap_loss:0.145771  contour_loss:0.022754
loss:0.106504  heatmap_loss:0.088541  contour_loss:0.017963
loss:0.165047  heatmap_loss:0.147881  contour_loss:0.017166
loss:0.107698  heatmap_loss:0.092393  contour_loss:0.015305
loss:0.185873  heatmap_loss:0.157421  contour_loss:0.028452
loss:0.218249  heatmap_loss:0.189614  contour_loss:0.028635
loss:0.155954  heatmap_loss:0.140661  contour_loss:0.015293
loss:0.158671  heatmap_loss:0.138584  contour_loss:0.020087
loss:0.153299  heatmap_loss:0.132162  contour_loss:0.021137
loss:0.130938  heatmap_loss:0.111168  contour_loss:0.019770
loss:0.237047  heatmap_loss:0.203505  contour_loss:0.033543
loss:0.144586  heatmap_loss:0.126716  contour_loss:0.017870
loss:0.210110  heatmap_loss:0.178839  contour_loss:0.031271
loss:0.110315  heatmap_loss:0.094662  contour_loss:0.015653
loss:0.187004  heatmap_loss:0.170528  contour_loss:0.016477
loss:0.118505  heatmap_loss:0.101731  contour_loss:0.016774
loss:0.161333  heatmap_loss:0.141219  contour_loss:0.020115
loss:0.123574  heatmap_loss:0.109375  contour_loss:0.014198
loss:0.128082  heatmap_loss:0.111206  contour_loss:0.016875
loss:0.250753  heatmap_loss:0.217503  contour_loss:0.033250
loss:0.316091  heatmap_loss:0.273475  contour_loss:0.042616
loss:0.167749  heatmap_loss:0.144813  contour_loss:0.022936
loss:0.161175  heatmap_loss:0.138557  contour_loss:0.022618
loss:0.130140  heatmap_loss:0.120568  contour_loss:0.009571
loss:0.206406  heatmap_loss:0.179629  contour_loss:0.026777
loss:0.135853  heatmap_loss:0.116629  contour_loss:0.019224
loss:0.250858  heatmap_loss:0.218414  contour_loss:0.032444
loss:0.159026  heatmap_loss:0.142530  contour_loss:0.016496
loss:0.122625  heatmap_loss:0.101707  contour_loss:0.020918
loss:0.121289  heatmap_loss:0.107393  contour_loss:0.013896
loss:0.172765  heatmap_loss:0.153203  contour_loss:0.019562
loss:0.164437  heatmap_loss:0.146061  contour_loss:0.018376
loss:0.180238  heatmap_loss:0.157625  contour_loss:0.022613
loss:0.167002  heatmap_loss:0.139787  contour_loss:0.027215
loss:0.129659  heatmap_loss:0.115510  contour_loss:0.014149
loss:0.212253  heatmap_loss:0.187114  contour_loss:0.025139
loss:0.131858  heatmap_loss:0.113716  contour_loss:0.018141
loss:0.167665  heatmap_loss:0.153624  contour_loss:0.014040
loss:0.158309  heatmap_loss:0.141257  contour_loss:0.017052
loss:0.129220  heatmap_loss:0.109566  contour_loss:0.019654
loss:0.112421  heatmap_loss:0.097673  contour_loss:0.014748
loss:0.160868  heatmap_loss:0.135295  contour_loss:0.025573
loss:0.127128  heatmap_loss:0.108233  contour_loss:0.018895
loss:0.098072  heatmap_loss:0.085647  contour_loss:0.012425
loss:0.148654  heatmap_loss:0.122696  contour_loss:0.025958
loss:0.141489  heatmap_loss:0.126749  contour_loss:0.014740
loss:0.117627  heatmap_loss:0.096166  contour_loss:0.021460
loss:0.131399  heatmap_loss:0.111167  contour_loss:0.020231
loss:0.202791  heatmap_loss:0.169426  contour_loss:0.033365
loss:0.155729  heatmap_loss:0.131764  contour_loss:0.023964
loss:0.191911  heatmap_loss:0.164013  contour_loss:0.027898
loss:0.161707  heatmap_loss:0.134957  contour_loss:0.026749
loss:0.189788  heatmap_loss:0.160939  contour_loss:0.028849
loss:0.148153  heatmap_loss:0.128012  contour_loss:0.020142
loss:0.164892  heatmap_loss:0.141343  contour_loss:0.023549
loss:0.099279  heatmap_loss:0.085166  contour_loss:0.014113
loss:0.126223  heatmap_loss:0.108174  contour_loss:0.018049
loss:0.108948  heatmap_loss:0.095725  contour_loss:0.013223
loss:0.172502  heatmap_loss:0.146625  contour_loss:0.025877
loss:0.254052  heatmap_loss:0.208263  contour_loss:0.045789
loss:0.161488  heatmap_loss:0.141020  contour_loss:0.020468
loss:0.113065  heatmap_loss:0.097910  contour_loss:0.015155
loss:0.147609  heatmap_loss:0.130931  contour_loss:0.016679
loss:0.224832  heatmap_loss:0.194854  contour_loss:0.029978
loss:0.131657  heatmap_loss:0.112305  contour_loss:0.019352
Time cost:1119.5778250694275
LR:0.1
Epoch: 03, Loss: 0.2269
current class:obj1
loss:0.148553  heatmap_loss:0.125001  contour_loss:0.023552
loss:0.168548  heatmap_loss:0.141973  contour_loss:0.026575
loss:0.126414  heatmap_loss:0.107388  contour_loss:0.019026
loss:0.164745  heatmap_loss:0.142961  contour_loss:0.021784
loss:0.161484  heatmap_loss:0.135018  contour_loss:0.026466
loss:0.108613  heatmap_loss:0.092072  contour_loss:0.016540
loss:0.130488  heatmap_loss:0.117053  contour_loss:0.013435
loss:0.138093  heatmap_loss:0.118444  contour_loss:0.019649
loss:0.133044  heatmap_loss:0.111304  contour_loss:0.021740
loss:0.205407  heatmap_loss:0.177419  contour_loss:0.027989
loss:0.173674  heatmap_loss:0.155384  contour_loss:0.018290
loss:0.142454  heatmap_loss:0.117879  contour_loss:0.024575
loss:0.221779  heatmap_loss:0.194797  contour_loss:0.026982
loss:0.135427  heatmap_loss:0.116296  contour_loss:0.019131
loss:0.203139  heatmap_loss:0.176611  contour_loss:0.026527
loss:1419.438965  heatmap_loss:1419.307373  contour_loss:0.131604
loss:36.084446  heatmap_loss:36.030403  contour_loss:0.054044
loss:15.898487  heatmap_loss:15.868224  contour_loss:0.030263
